<?xml version="1.0" encoding="UTF-8"?>
<!-- Generated by org.testng.reporters.JUnitXMLReporter -->
<testsuite ignored="0" hostname="LAPTOP-JUA187N9" failures="1" tests="3" name="Login Test Cases" time="26.064" errors="0" timestamp="2025-01-21T12:40:50 IST">
  <testcase classname="testcases.LoginTest" name="testValidLogin" time="3.917"/>
  <testcase classname="testcases.LoginTest" name="testInvalidLogin" time="8.11">
    <failure type="java.lang.AssertionError" message="Error message not displayed for invalid login. expected [true] but found [false]">
      <![CDATA[java.lang.AssertionError: Error message not displayed for invalid login. expected [true] but found [false]
at testcases.LoginTest.testInvalidLogin(LoginTest.java:57)
at java.base/java.util.ArrayList.forEach(ArrayList.java:1597)
... Removed 28 stack frames]]>
    </failure>
  </testcase> <!-- testInvalidLogin -->
  <testcase classname="testcases.LoginTest" name="testPasswordMasking" time="0.052"/>
</testsuite> <!-- Login Test Cases -->
