<?xml version="1.0" encoding="UTF-8"?>
<!-- Generated by org.testng.reporters.JUnitXMLReporter -->
<testsuite ignored="6" hostname="LAPTOP-JUA187N9" failures="0" tests="7" name="LoginTests" time="24.449" errors="0" timestamp="2025-01-22T15:27:02 IST">
  <testcase classname="testcases.LoginTest" name="testValidLogin" time="4.613"/>
  <testcase classname="testcases.LoginTest" name="testInvalidLogin" time="2.153"/>
  <testcase classname="testcases.LoginTest" name="testEmptyFieldsLogin" time="0.105"/>
  <testcase classname="testcases.LoginTest" name="testBlankUsernameWithValidPassword" time="0.129"/>
  <testcase classname="testcases.LoginTest" name="testBlankPasswordWithValidUsername" time="0.114"/>
  <testcase classname="testcases.LoginTest" name="testPasswordMasking" time="0.074"/>
  <testcase classname="testcases.LoginTest" name="testForgotPasswordLink" time="2.107"/>
  <testcase classname="testcases.LoginTest" name="testForgotPasswordWithValidEmail" time="0.0">
    <ignored/>
  </testcase> <!-- testForgotPasswordWithValidEmail -->
  <testcase classname="testcases.LoginTest" name="testForgotPasswordWithInvalidEmailFormat" time="0.0">
    <ignored/>
  </testcase> <!-- testForgotPasswordWithInvalidEmailFormat -->
  <testcase classname="testcases.LoginTest" name="testForgotPasswordWithInvalidEmail" time="0.0">
    <ignored/>
  </testcase> <!-- testForgotPasswordWithInvalidEmail -->
  <testcase classname="testcases.LoginTest" name="testLoginAfterPasswordResetWithOldPassword" time="0.0">
    <ignored/>
  </testcase> <!-- testLoginAfterPasswordResetWithOldPassword -->
  <testcase classname="testcases.LoginTest" name="testForgotPasswordWithEmptyEmailField" time="0.0">
    <ignored/>
  </testcase> <!-- testForgotPasswordWithEmptyEmailField -->
  <testcase classname="testcases.LoginTest" name="testLoginAfterPasswordResetWithNewPassword" time="0.0">
    <ignored/>
  </testcase> <!-- testLoginAfterPasswordResetWithNewPassword -->
</testsuite> <!-- LoginTests -->
