<?xml version="1.0" encoding="UTF-8"?>
<testng-results ignored="6" total="13" passed="7" failed="0" skipped="0">
  <reporter-output>
  </reporter-output>
  <suite started-at="2025-01-22T15:26:37 IST" name="Test Suite" finished-at="2025-01-22T15:27:02 IST" duration-ms="24449">
    <groups>
    </groups>
    <test started-at="2025-01-22T15:26:37 IST" name="LoginTests" finished-at="2025-01-22T15:27:02 IST" duration-ms="24449">
      <class name="testcases.LoginTest">
        <test-method is-config="true" signature="setUp()[pri:0, instance:testcases.LoginTest@6c64cb25]" started-at="2025-01-22T15:26:37 IST" name="setUp" finished-at="2025-01-22T15:26:52 IST" duration-ms="14524" status="PASS">
          <reporter-output>
          </reporter-output>
        </test-method> <!-- setUp -->
        <test-method is-config="true" signature="initialize()[pri:0, instance:testcases.LoginTest@6c64cb25]" started-at="2025-01-22T15:26:52 IST" name="initialize" finished-at="2025-01-22T15:26:52 IST" duration-ms="2" status="PASS">
          <reporter-output>
          </reporter-output>
        </test-method> <!-- initialize -->
        <test-method signature="testValidLogin()[pri:1, instance:testcases.LoginTest@6c64cb25]" started-at="2025-01-22T15:26:52 IST" name="testValidLogin" finished-at="2025-01-22T15:26:57 IST" duration-ms="4613" status="PASS">
          <reporter-output>
          </reporter-output>
        </test-method> <!-- testValidLogin -->
        <test-method signature="testInvalidLogin()[pri:2, instance:testcases.LoginTest@6c64cb25]" started-at="2025-01-22T15:26:57 IST" name="testInvalidLogin" finished-at="2025-01-22T15:26:59 IST" duration-ms="2153" status="PASS">
          <reporter-output>
          </reporter-output>
        </test-method> <!-- testInvalidLogin -->
        <test-method signature="testEmptyFieldsLogin()[pri:3, instance:testcases.LoginTest@6c64cb25]" started-at="2025-01-22T15:26:59 IST" name="testEmptyFieldsLogin" finished-at="2025-01-22T15:26:59 IST" duration-ms="105" status="PASS">
          <reporter-output>
          </reporter-output>
        </test-method> <!-- testEmptyFieldsLogin -->
        <test-method signature="testBlankUsernameWithValidPassword()[pri:4, instance:testcases.LoginTest@6c64cb25]" started-at="2025-01-22T15:26:59 IST" name="testBlankUsernameWithValidPassword" finished-at="2025-01-22T15:26:59 IST" duration-ms="129" status="PASS">
          <reporter-output>
          </reporter-output>
        </test-method> <!-- testBlankUsernameWithValidPassword -->
        <test-method signature="testBlankPasswordWithValidUsername()[pri:5, instance:testcases.LoginTest@6c64cb25]" started-at="2025-01-22T15:26:59 IST" name="testBlankPasswordWithValidUsername" finished-at="2025-01-22T15:26:59 IST" duration-ms="114" status="PASS">
          <reporter-output>
          </reporter-output>
        </test-method> <!-- testBlankPasswordWithValidUsername -->
        <test-method signature="testPasswordMasking()[pri:6, instance:testcases.LoginTest@6c64cb25]" started-at="2025-01-22T15:26:59 IST" name="testPasswordMasking" finished-at="2025-01-22T15:26:59 IST" duration-ms="74" status="PASS">
          <reporter-output>
          </reporter-output>
        </test-method> <!-- testPasswordMasking -->
        <test-method signature="testForgotPasswordLink()[pri:7, instance:testcases.LoginTest@6c64cb25]" started-at="2025-01-22T15:26:59 IST" name="testForgotPasswordLink" finished-at="2025-01-22T15:27:01 IST" duration-ms="2107" status="PASS">
          <reporter-output>
          </reporter-output>
        </test-method> <!-- testForgotPasswordLink -->
        <test-method is-config="true" signature="tearDown()[pri:0, instance:testcases.LoginTest@6c64cb25]" started-at="2025-01-22T15:27:01 IST" name="tearDown" finished-at="2025-01-22T15:27:02 IST" duration-ms="321" status="PASS">
          <reporter-output>
          </reporter-output>
        </test-method> <!-- tearDown -->
      </class> <!-- testcases.LoginTest -->
    </test> <!-- LoginTests -->
  </suite> <!-- Test Suite -->
</testng-results>
